<?xml version="1.0" encoding="utf-8"?><testsuites name="pytest tests"><testsuite name="pytest" errors="0" failures="0" skipped="0" tests="23" time="193.030" timestamp="2026-09-02T06:46:38.331377+00:00" hostname="agent-env-d4c9e06d-cb96-4d1e-9307-3e8063aa84c6"><testcase classname="tests.test_iteration6.TestRegressions" name="test_gpx" time="0.193" /><testcase classname="tests.test_iteration6.TestProviders" name="test_provider_generates_route[claude]" time="25.232" /><testcase classname="tests.test_iteration6.TestRegressions" name="test_gpx_empty_coords" time="0.114" /><testcase classname="tests.test_iteration6.TestRegressions" name="test_digest_preview" time="0.054" /><testcase classname="tests.test_iteration6.TestRegressions" name="test_digest_preview_bad_city" time="0.054" /><testcase classname="tests.test_iteration6.TestRegressions" name="test_digest_subscribe" time="0.058" /><testcase classname="tests.test_iteration6.TestRegressions" name="test_digest_subscribe_invalid_email" time="0.060" /><testcase classname="tests.test_iteration6.TestRegressions" name="test_strava_status" time="0.057" /><testcase classname="tests.test_iteration6.TestRegressions" name="test_discovery" time="0.060" /><testcase classname="tests.test_iteration6.TestRetryStats" name="test_retry_stats_shape[1]" time="11.141" /><testcase classname="tests.test_iteration6.TestRetryStats" name="test_retry_stats_shape[2]" time="10.927" /><testcase classname="tests.test_iteration6.TestRetryStats" name="test_retry_stats_shape[3]" time="12.818" /><testcase classname="tests.test_iteration6.TestProviders" name="test_provider_generates_route[claude-haiku]" time="11.722" /><testcase classname="tests.test_iteration6.TestRetryStats" name="test_at_least_two_of_three_converged" time="0.000" /><testcase classname="tests.test_iteration6.TestRetryStats" name="test_failure_log_has_ors_retry_entries" time="12.328" /><testcase classname="tests.test_iteration6.TestProviders" name="test_provider_generates_route[gemini]" time="46.957" /><testcase classname="tests.test_iteration6.TestStravaPopularRouting" name="test_requires_strava_session" time="0.060" /><testcase classname="tests.test_iteration6.TestStravaPopularRouting" name="test_bad_cookie_also_401" time="0.162" /><testcase classname="tests.test_iteration6.TestProviders" name="test_provider_generates_route[gemini-flash]" time="13.830" /><testcase classname="tests.test_iteration6.TestProviders" name="test_provider_generates_route[gemini-lite]" time="0.956" /><testcase classname="tests.test_iteration6.TestProviders" name="test_provider_generates_route[gpt-terra]" time="26.812" /><testcase classname="tests.test_iteration6.TestProviders" name="test_provider_generates_route[gpt-luna]" time="21.286" /><testcase classname="tests.test_iteration6.TestProviders" name="test_provider_generates_route[gpt-mini]" time="45.890" /></testsuite></testsuites>