<?xml version="1.0" encoding="utf-8"?><testsuites name="pytest tests"><testsuite name="pytest" errors="0" failures="0" skipped="1" tests="18" time="23.198" timestamp="2026-09-01T10:38:00.011038+00:00" hostname="agent-env-d4c9e06d-cb96-4d1e-9307-3e8063aa84c6"><testcase classname="tests.test_iteration5_digest.TestRegressions" name="test_root" time="0.322" /><testcase classname="tests.test_iteration5_digest.TestDigestPreview" name="test_preview_ok[bengaluru]" time="0.320" /><testcase classname="tests.test_iteration5_digest.TestDigestPreview" name="test_preview_ok[delhi]" time="0.058" /><testcase classname="tests.test_iteration5_digest.TestRegressions" name="test_discovery[bengaluru]" time="0.059" /><testcase classname="tests.test_iteration5_digest.TestDigestPreview" name="test_preview_unknown_city_404" time="0.054" /><testcase classname="tests.test_iteration5_digest.TestRegressions" name="test_discovery[delhi]" time="0.106" /><testcase classname="tests.test_iteration5_digest.TestDigestPreview" name="test_preview_defaults" time="0.054" /><testcase classname="tests.test_iteration5_digest.TestDigestPreview" name="test_preview_distance_changes_ranking_scores" time="0.115" /><testcase classname="tests.test_iteration5_digest.TestRegressions" name="test_strava_status_disconnected" time="0.231" /><testcase classname="tests.test_iteration5_digest.TestDigestSubscribe" name="test_subscribe_ok" time="0.064" /><testcase classname="tests.test_iteration5_digest.TestDigestSubscribe" name="test_subscribe_duplicate_upserts" time="0.208" /><testcase classname="tests.test_iteration5_digest.TestRegressions" name="test_generate_route" time="21.840" /><testcase classname="tests.test_iteration5_digest.TestDigestSubscribe" name="test_subscribe_invalid_schema_422" time="0.053" /><testcase classname="tests.test_iteration5_digest.TestDigestSubscribe" name="test_subscribe_bad_email_format" time="0.054"><skipped type="pytest.xfail" message="Backend accepts malformed email (no EmailStr validation)" /></testcase><testcase classname="tests.test_iteration5_digest.TestFriendOverlapGating" name="test_no_oauth_401" time="0.054" /><testcase classname="tests.test_iteration5_digest.TestFriendOverlapGating" name="test_invalid_body_422" time="0.055" /><testcase classname="tests.test_iteration5_digest.TestRegressions" name="test_gpx_from_generated" time="0.083" /><testcase classname="tests.test_iteration5_digest.TestRegressions" name="test_save_and_list" time="0.152" /></testsuite></testsuites>