<?xml version="1.0" encoding="utf-8"?><testsuites name="pytest tests"><testsuite name="pytest" errors="0" failures="0" skipped="0" tests="23" time="27.787" timestamp="2026-08-31T17:46:47.560751+00:00" hostname="agent-env-d4c9e06d-cb96-4d1e-9307-3e8063aa84c6"><testcase classname="tests.test_iteration4_strava.TestStravaCallback" name="test_callback_missing_code_and_state" time="0.218" /><testcase classname="tests.test_iteration4_strava.TestGpxExport" name="test_gpx_basic" time="0.762" /><testcase classname="tests.test_iteration4_strava.TestStravaCallback" name="test_callback_missing_code_only" time="0.158" /><testcase classname="tests.test_iteration4_strava.TestStravaCallback" name="test_callback_tampered_state" time="0.236" /><testcase classname="tests.test_iteration4_strava.TestStravaCallback" name="test_callback_error_param_redirects" time="0.146" /><testcase classname="tests.test_iteration4_strava.TestGpxExport" name="test_gpx_with_elevations" time="0.143" /><testcase classname="tests.test_iteration4_strava.TestProtectedEndpoints401" name="test_city_segments_requires_auth" time="0.147" /><testcase classname="tests.test_iteration4_strava.TestGpxExport" name="test_gpx_default_name" time="0.207" /><testcase classname="tests.test_iteration4_strava.TestProtectedEndpoints401" name="test_activities_requires_auth" time="0.139" /><testcase classname="tests.test_iteration4_strava.TestProtectedEndpoints401" name="test_rank_by_strava_requires_auth" time="0.147" /><testcase classname="tests.test_iteration4_strava.TestGpxExport" name="test_gpx_xml_escaping" time="0.134" /><testcase classname="tests.test_iteration4_strava.TestProtectedEndpoints401" name="test_gates_hold_with_state_only_session" time="0.473" /><testcase classname="tests.test_iteration4_strava.TestGpxExport" name="test_gpx_missing_coordinates_validation" time="0.169" /><testcase classname="tests.test_iteration4_strava.TestGpxExport" name="test_gpx_empty_coordinates" time="0.175" /><testcase classname="tests.test_iteration4_strava.TestStravaAuthorize" name="test_authorize_redirect" time="0.189" /><testcase classname="tests.test_iteration4_strava.TestRegressions" name="test_discovery[bengaluru]" time="0.155" /><testcase classname="tests.test_iteration4_strava.TestStravaAuthorize" name="test_authorize_reuses_cookie_session" time="0.188" /><testcase classname="tests.test_iteration4_strava.TestRegressions" name="test_discovery[delhi]" time="0.149" /><testcase classname="tests.test_iteration4_strava.TestStravaLogout" name="test_logout_idempotent_without_session" time="0.205" /><testcase classname="tests.test_iteration4_strava.TestRegressions" name="test_route_generate" time="25.239" /><testcase classname="tests.test_iteration4_strava.TestStravaLogout" name="test_logout_clears_cookie" time="0.295" /><testcase classname="tests.test_iteration4_strava.TestStravaStatus" name="test_status_no_cookie" time="0.154" /><testcase classname="tests.test_iteration4_strava.TestRegressions" name="test_saved_routes_list" time="0.251" /></testsuite></testsuites>