<?xml version="1.0" encoding="utf-8"?><testsuites name="pytest tests"><testsuite name="pytest" errors="0" failures="0" skipped="0" tests="19" time="78.612" timestamp="2026-08-31T16:15:41.293561+00:00" hostname="agent-env-d4c9e06d-cb96-4d1e-9307-3e8063aa84c6"><testcase classname="tests.backend_test.TestDiscovery" name="test_discovery_cities[bengaluru]" time="0.252" /><testcase classname="tests.backend_test.TestDiscovery" name="test_discovery_cities[delhi]" time="0.115" /><testcase classname="tests.backend_test.TestDiscovery" name="test_discovery_case_insensitive" time="0.073" /><testcase classname="tests.backend_test.TestDiscovery" name="test_discovery_unknown_city_404" time="0.075" /><testcase classname="tests.backend_test.TestDiscovery" name="test_discovery_missing_param_422" time="0.075" /><testcase classname="tests.backend_test.TestGenerateValidation" name="test_missing_fields_422" time="0.079" /><testcase classname="tests.backend_test.TestGenerateValidation" name="test_delhi_generation" time="24.224" /><testcase classname="tests.backend_test.TestGenerateClaude" name="test_status_and_shape" time="28.143" /><testcase classname="tests.backend_test.TestGenerateClaude" name="test_geometry" time="0.000" /><testcase classname="tests.backend_test.TestGenerateClaude" name="test_distance_within_tolerance" time="0.000" /><testcase classname="tests.backend_test.TestGenerateClaude" name="test_elev_stats" time="0.000" /><testcase classname="tests.backend_test.TestGenerateClaude" name="test_narration_populated" time="0.001" /><testcase classname="tests.backend_test.TestGenerateClaude" name="test_llm_guess" time="0.000" /><testcase classname="tests.backend_test.TestGenerateClaude" name="test_failure_log" time="0.001" /><testcase classname="tests.backend_test.TestGenerateClaude" name="test_steps_present" time="0.000" /><testcase classname="tests.backend_test.TestSavedRoutes" name="test_save_and_list" time="18.577" /><testcase classname="tests.backend_test.TestSavedRoutes" name="test_save_invalid_payload_422" time="0.072" /><testcase classname="tests.backend_test.TestHealth" name="test_root" time="0.080" /><testcase classname="tests.backend_test.TestGenerateGemini" name="test_status_and_narration" time="50.088" /></testsuite></testsuites>