<?xml version="1.0" encoding="utf-8"?><testsuites name="pytest tests"><testsuite name="pytest" errors="0" failures="3" skipped="0" tests="33" time="231.875" timestamp="2026-08-31T17:13:31.105157+00:00" hostname="agent-env-d4c9e06d-cb96-4d1e-9307-3e8063aa84c6"><testcase classname="tests.backend_test.TestDiscovery" name="test_discovery_cities[bengaluru]" time="0.413" /><testcase classname="tests.backend_test.TestDiscovery" name="test_discovery_cities[delhi]" time="0.112" /><testcase classname="tests.backend_test.TestDiscovery" name="test_discovery_case_insensitive" time="0.087" /><testcase classname="tests.backend_test.TestDiscovery" name="test_discovery_unknown_city_404" time="0.081" /><testcase classname="tests.backend_test.TestDiscovery" name="test_discovery_missing_param_422" time="0.255" /><testcase classname="tests.backend_test.TestGenerateClaude" name="test_status_and_shape" time="26.164" /><testcase classname="tests.backend_test.TestGenerateClaude" name="test_geometry" time="0.000" /><testcase classname="tests.backend_test.TestGenerateClaude" name="test_distance_within_tolerance" time="0.000" /><testcase classname="tests.backend_test.TestGenerateClaude" name="test_elev_stats" time="0.000" /><testcase classname="tests.backend_test.TestGenerateClaude" name="test_narration_populated" time="0.000" /><testcase classname="tests.backend_test.TestGenerateClaude" name="test_llm_guess" time="0.000" /><testcase classname="tests.backend_test.TestGenerateClaude" name="test_failure_log" time="0.000" /><testcase classname="tests.backend_test.TestGenerateClaude" name="test_steps_present" time="0.000" /><testcase classname="tests.backend_test.TestGenerateClaude" name="test_steps_have_distance" time="0.000" /><testcase classname="tests.backend_test.TestGenerateClaude" name="test_weather_field_present" time="0.001"><failure message="AssertionError: bad sunrise None&#10;assert (None)">tests/backend_test.py:190: in test_weather_field_present
    assert w["sunrise"] and "T" in w["sunrise"], f"bad sunrise {w['sunrise']}"
E   AssertionError: bad sunrise None
E   assert (None)</failure></testcase><testcase classname="tests.backend_test.TestGenerateClaude" name="test_failure_log_weather_stage" time="0.000" /><testcase classname="tests.backend_test.TestSavedRoutes" name="test_save_and_list" time="0.265" /><testcase classname="tests.backend_test.TestSavedRoutes" name="test_save_invalid_payload_422" time="0.076" /><testcase classname="tests.backend_test.TestSavedRoutes" name="test_save_persists_weather" time="0.192" /><testcase classname="tests.backend_test.TestGenerateGemini" name="test_status_and_narration" time="45.805" /><testcase classname="tests.backend_test.TestGenerateGemini" name="test_weather_for_gemini" time="0.001"><failure message="assert None is not None">tests/backend_test.py:222: in test_weather_for_gemini
    assert w["sunrise"] is not None
E   assert None is not None</failure></testcase><testcase classname="tests.backend_test.TestGenerateValidation" name="test_missing_fields_422" time="0.081" /><testcase classname="tests.backend_test.TestGenerateValidation" name="test_delhi_generation" time="29.001"><failure message="assert None is not None">tests/backend_test.py:254: in test_delhi_generation
    assert w["sunrise"] is not None
E   assert None is not None</failure></testcase><testcase classname="tests.test_iteration3.TestNarrationParseSignal" name="test_all_runs_200" time="112.920" /><testcase classname="tests.test_iteration3.TestNarrationParseSignal" name="test_narration_populated_repeatedly" time="0.001" /><testcase classname="tests.test_iteration3.TestNarrationParseSignal" name="test_narration_log_level_matches_content" time="0.001" /><testcase classname="tests.test_iteration3.TestNarrationParseSignal" name="test_no_internal_parse_keys_leak_break_shape" time="0.001" /><testcase classname="tests.backend_test.TestHealth" name="test_root" time="0.137" /><testcase classname="tests.test_iteration3.TestDelhiRegression" name="test_delhi_bounds_and_aqi" time="44.959" /><testcase classname="tests.test_iteration3.TestWeatherLogLevel" name="test_weather_level_matches_payload" time="129.308" /><testcase classname="tests.test_iteration3.TestWeatherLogLevel" name="test_weather_keys_present" time="0.001" /><testcase classname="tests.test_iteration3.TestSaveWeatherPersistence" name="test_save_and_verify_weather_keys" time="0.354" /><testcase classname="tests.test_iteration3.TestSaveWeatherPersistence" name="test_save_without_weather_still_ok" time="0.252" /></testsuite></testsuites>